04-12 12:36:21 imba: True
04-12 12:36:21 model_name: DANN_correct
04-12 12:36:21 Domain: CWRU
04-12 12:36:21 source: CWRU_0
04-12 12:36:21 target: CWRU_1
04-12 12:36:21 data_dir: ./datasets
04-12 12:36:21 train_mode: single_source
04-12 12:36:21 cuda_device: 0
04-12 12:36:21 save_dir: ./ckpt/DANN_correct/single_source
04-12 12:36:21 max_epoch: 30
04-12 12:36:21 batch_size: 64
04-12 12:36:21 num_workers: 0
04-12 12:36:21 signal_size: 2048
04-12 12:36:21 random_state: 2
04-12 12:36:21 normlizetype: mean-std
04-12 12:36:21 opt: sgd
04-12 12:36:21 lr: 0.001
04-12 12:36:21 momentum: 0.9
04-12 12:36:21 betas: (0.9, 0.999)
04-12 12:36:21 weight_decay: 0.0005
04-12 12:36:21 lr_scheduler: stepLR
04-12 12:36:21 gamma: 0.2
04-12 12:36:21 steps: 10
04-12 12:36:21 tradeoff: ['exp', 'exp', 'exp']
04-12 12:36:21 dropout: 0.0
04-12 12:36:21 save: False
04-12 12:36:21 load_path: 
04-12 12:36:21 tsne: False
04-12 12:36:21 save_path: ./ckpt/DANN_correct/single_source/[CWRU_0]To[CWRU_1]_0412-123621
04-12 12:36:21 Detect 4 classes: ['1normal', 'ball', 'inner', 'outer']
04-12 12:36:22 using 1 / 1 gpus
Training data length: 759
Testing data length: 380
Source Data Distribution:04-12 12:36:25 Source set CWRU_0 number of samples 1044.
+--------------+---------+
| Label        |   Count |
|--------------+---------|
| 0            |     261 |
| 1            |     261 |
| 2            |     261 |
| 3            |     261 |
| Dataset Size |    1044 |
+--------------+---------+

Training data length: 757
Testing data length: 379
04-12 12:36:25 target training set number of samples 177.Target Data Distribution:
04-12 12:36:25 target validation set number of samples 348.
+--------------+---------+-------+
|              |   train |   val |
|--------------+---------+-------|
| 0            |     174 |    87 |
| 1            |       1 |    87 |
| 2            |       1 |    87 |
| 3            |       1 |    87 |
| Dataset Size |     177 |   348 |
+--------------+---------+-------+

04-12 12:36:25 -----Epoch 1/30-----
04-12 12:36:25 current lr: [0.001, 0.001]
  0%|          | 0/2 [00:00<?, ?it/s]100%|##########| 2/2 [00:00<00:00, 23.07it/s]
04-12 12:36:25 Train-Loss Source Classifier: 1.3766
04-12 12:36:25 Train-Loss Discriminator: 0.6748
04-12 12:36:25 Train-Acc Source Data: 0.2969
04-12 12:36:25 Train-Acc Discriminator: 50.0000
  0%|          | 0/5 [00:00<?, ?it/s]100%|##########| 5/5 [00:00<00:00, 147.90it/s]
04-12 12:36:25 Val-Acc Target Data: 0.2719
04-12 12:36:25 The best model epoch 1, val-acc 0.2719
04-12 12:36:25 -----Epoch 2/30-----
04-12 12:36:25 current lr: [0.001, 0.001]
  0%|          | 0/2 [00:00<?, ?it/s]100%|##########| 2/2 [00:00<00:00, 40.69it/s]
04-12 12:36:25 Train-Loss Source Classifier: 1.3630
04-12 12:36:25 Train-Loss Discriminator: 0.6783
04-12 12:36:25 Train-Acc Source Data: 0.3594
04-12 12:36:25 Train-Acc Discriminator: 50.0000
  0%|          | 0/5 [00:00<?, ?it/s]100%|##########| 5/5 [00:00<00:00, 151.29it/s]
04-12 12:36:25 Val-Acc Target Data: 0.2719
04-12 12:36:25 The best model epoch 2, val-acc 0.2719
04-12 12:36:25 -----Epoch 3/30-----
04-12 12:36:25 current lr: [0.001, 0.001]
  0%|          | 0/2 [00:00<?, ?it/s]100%|##########| 2/2 [00:00<00:00, 40.96it/s]
04-12 12:36:25 Train-Loss Source Classifier: 1.3396
04-12 12:36:25 Train-Loss Discriminator: 0.6777
04-12 12:36:25 Train-Acc Source Data: 0.4219
04-12 12:36:25 Train-Acc Discriminator: 50.0000
  0%|          | 0/5 [00:00<?, ?it/s]100%|##########| 5/5 [00:00<00:00, 149.17it/s]
04-12 12:36:25 Val-Acc Target Data: 0.2719
04-12 12:36:25 The best model epoch 3, val-acc 0.2719
04-12 12:36:25 -----Epoch 4/30-----
04-12 12:36:25 current lr: [0.001, 0.001]
  0%|          | 0/2 [00:00<?, ?it/s]100%|##########| 2/2 [00:00<00:00, 42.66it/s]
04-12 12:36:25 Train-Loss Source Classifier: 1.3006
04-12 12:36:25 Train-Loss Discriminator: 0.6702
04-12 12:36:25 Train-Acc Source Data: 0.5312
04-12 12:36:25 Train-Acc Discriminator: 50.0000
  0%|          | 0/5 [00:00<?, ?it/s]100%|##########| 5/5 [00:00<00:00, 152.48it/s]
04-12 12:36:25 Val-Acc Target Data: 0.2719
04-12 12:36:25 The best model epoch 4, val-acc 0.2719
04-12 12:36:25 -----Epoch 5/30-----
04-12 12:36:25 current lr: [0.001, 0.001]
  0%|          | 0/2 [00:00<?, ?it/s]100%|##########| 2/2 [00:00<00:00, 37.30it/s]
04-12 12:36:25 Train-Loss Source Classifier: 1.2727
04-12 12:36:25 Train-Loss Discriminator: 0.6688
04-12 12:36:25 Train-Acc Source Data: 0.3750
04-12 12:36:25 Train-Acc Discriminator: 50.0000
  0%|          | 0/5 [00:00<?, ?it/s]100%|##########| 5/5 [00:00<00:00, 149.56it/s]
04-12 12:36:25 Val-Acc Target Data: 0.3000
04-12 12:36:25 The best model epoch 5, val-acc 0.3000
04-12 12:36:25 -----Epoch 6/30-----
04-12 12:36:25 current lr: [0.001, 0.001]
  0%|          | 0/2 [00:00<?, ?it/s]100%|##########| 2/2 [00:00<00:00, 42.50it/s]
04-12 12:36:26 Train-Loss Source Classifier: 1.2276
04-12 12:36:26 Train-Loss Discriminator: 0.6671
04-12 12:36:26 Train-Acc Source Data: 0.4844
04-12 12:36:26 Train-Acc Discriminator: 49.6094
  0%|          | 0/5 [00:00<?, ?it/s]100%|##########| 5/5 [00:00<00:00, 157.60it/s]
04-12 12:36:26 Val-Acc Target Data: 0.3937
04-12 12:36:26 The best model epoch 6, val-acc 0.3937
04-12 12:36:26 -----Epoch 7/30-----
04-12 12:36:26 current lr: [0.001, 0.001]
  0%|          | 0/2 [00:00<?, ?it/s]100%|##########| 2/2 [00:00<00:00, 40.47it/s]
04-12 12:36:26 Train-Loss Source Classifier: 1.1884
04-12 12:36:26 Train-Loss Discriminator: 0.6559
04-12 12:36:26 Train-Acc Source Data: 0.6250
04-12 12:36:26 Train-Acc Discriminator: 50.3906
  0%|          | 0/5 [00:00<?, ?it/s]100%|##########| 5/5 [00:00<00:00, 151.51it/s]
04-12 12:36:26 Val-Acc Target Data: 0.3344
04-12 12:36:26 The best model epoch 6, val-acc 0.3937
04-12 12:36:26 -----Epoch 8/30-----
04-12 12:36:26 current lr: [0.001, 0.001]
  0%|          | 0/2 [00:00<?, ?it/s]100%|##########| 2/2 [00:00<00:00, 42.26it/s]
04-12 12:36:26 Train-Loss Source Classifier: 1.1613
04-12 12:36:26 Train-Loss Discriminator: 0.6484
04-12 12:36:26 Train-Acc Source Data: 0.6562
04-12 12:36:26 Train-Acc Discriminator: 53.5156
  0%|          | 0/5 [00:00<?, ?it/s]100%|##########| 5/5 [00:00<00:00, 148.63it/s]
04-12 12:36:26 Val-Acc Target Data: 0.3156
04-12 12:36:26 The best model epoch 6, val-acc 0.3937
04-12 12:36:26 -----Epoch 9/30-----
04-12 12:36:26 current lr: [0.001, 0.001]
  0%|          | 0/2 [00:00<?, ?it/s]100%|##########| 2/2 [00:00<00:00, 39.08it/s]
04-12 12:36:26 Train-Loss Source Classifier: 1.1350
04-12 12:36:26 Train-Loss Discriminator: 0.6378
04-12 12:36:26 Train-Acc Source Data: 0.6172
04-12 12:36:26 Train-Acc Discriminator: 56.2500
  0%|          | 0/5 [00:00<?, ?it/s]100%|##########| 5/5 [00:00<00:00, 148.49it/s]
04-12 12:36:26 Val-Acc Target Data: 0.3937
04-12 12:36:26 The best model epoch 9, val-acc 0.3937
04-12 12:36:26 -----Epoch 10/30-----
04-12 12:36:26 current lr: [0.001, 0.001]
  0%|          | 0/2 [00:00<?, ?it/s]100%|##########| 2/2 [00:00<00:00, 39.66it/s]
04-12 12:36:26 Train-Loss Source Classifier: 1.0698
04-12 12:36:26 Train-Loss Discriminator: 0.6211
04-12 12:36:26 Train-Acc Source Data: 0.8047
04-12 12:36:26 Train-Acc Discriminator: 61.3281
  0%|          | 0/5 [00:00<?, ?it/s]100%|##########| 5/5 [00:00<00:00, 150.83it/s]
04-12 12:36:26 Val-Acc Target Data: 0.5969
04-12 12:36:26 The best model epoch 10, val-acc 0.5969
04-12 12:36:26 -----Epoch 11/30-----
04-12 12:36:26 current lr: [0.001, 0.001]
  0%|          | 0/2 [00:00<?, ?it/s]100%|##########| 2/2 [00:00<00:00, 41.29it/s]
04-12 12:36:26 Train-Loss Source Classifier: 0.9980
04-12 12:36:26 Train-Loss Discriminator: 0.6121
04-12 12:36:26 Train-Acc Source Data: 0.8828
04-12 12:36:26 Train-Acc Discriminator: 63.6719
  0%|          | 0/5 [00:00<?, ?it/s]100%|##########| 5/5 [00:00<00:00, 155.93it/s]
04-12 12:36:26 Val-Acc Target Data: 0.5844
04-12 12:36:26 The best model epoch 10, val-acc 0.5969
04-12 12:36:26 -----Epoch 12/30-----
04-12 12:36:26 current lr: [0.001, 0.001]
  0%|          | 0/2 [00:00<?, ?it/s]100%|##########| 2/2 [00:00<00:00, 42.35it/s]
04-12 12:36:26 Train-Loss Source Classifier: 0.9594
04-12 12:36:26 Train-Loss Discriminator: 0.6067
04-12 12:36:26 Train-Acc Source Data: 0.8516
04-12 12:36:26 Train-Acc Discriminator: 67.9688
  0%|          | 0/5 [00:00<?, ?it/s]100%|##########| 5/5 [00:00<00:00, 158.00it/s]
04-12 12:36:26 Val-Acc Target Data: 0.5219
04-12 12:36:26 The best model epoch 10, val-acc 0.5969
04-12 12:36:26 -----Epoch 13/30-----
04-12 12:36:26 current lr: [0.001, 0.001]
  0%|          | 0/2 [00:00<?, ?it/s]100%|##########| 2/2 [00:00<00:00, 39.49it/s]
04-12 12:36:26 Train-Loss Source Classifier: 0.9144
04-12 12:36:26 Train-Loss Discriminator: 0.5866
04-12 12:36:26 Train-Acc Source Data: 0.8594
04-12 12:36:26 Train-Acc Discriminator: 82.4219
  0%|          | 0/5 [00:00<?, ?it/s]100%|##########| 5/5 [00:00<00:00, 157.79it/s]
04-12 12:36:26 Val-Acc Target Data: 0.5813
04-12 12:36:26 The best model epoch 10, val-acc 0.5969
04-12 12:36:26 -----Epoch 14/30-----
04-12 12:36:26 current lr: [0.001, 0.001]
  0%|          | 0/2 [00:00<?, ?it/s]100%|##########| 2/2 [00:00<00:00, 42.06it/s]
04-12 12:36:26 Train-Loss Source Classifier: 0.8741
04-12 12:36:26 Train-Loss Discriminator: 0.5755
04-12 12:36:26 Train-Acc Source Data: 0.7578
04-12 12:36:26 Train-Acc Discriminator: 83.9844
  0%|          | 0/5 [00:00<?, ?it/s]100%|##########| 5/5 [00:00<00:00, 159.69it/s]
04-12 12:36:26 Val-Acc Target Data: 0.6906
04-12 12:36:26 The best model epoch 14, val-acc 0.6906
04-12 12:36:26 -----Epoch 15/30-----
04-12 12:36:26 current lr: [0.001, 0.001]
  0%|          | 0/2 [00:00<?, ?it/s]100%|##########| 2/2 [00:00<00:00, 40.01it/s]
04-12 12:36:26 Train-Loss Source Classifier: 0.8082
04-12 12:36:26 Train-Loss Discriminator: 0.5661
04-12 12:36:26 Train-Acc Source Data: 0.9297
04-12 12:36:26 Train-Acc Discriminator: 84.7656
  0%|          | 0/5 [00:00<?, ?it/s]100%|##########| 5/5 [00:00<00:00, 159.49it/s]
04-12 12:36:26 Val-Acc Target Data: 0.6969
04-12 12:36:26 The best model epoch 15, val-acc 0.6969
04-12 12:36:26 -----Epoch 16/30-----
04-12 12:36:26 current lr: [0.001, 0.001]
  0%|          | 0/2 [00:00<?, ?it/s]100%|##########| 2/2 [00:00<00:00, 39.74it/s]
04-12 12:36:26 Train-Loss Source Classifier: 0.7464
04-12 12:36:26 Train-Loss Discriminator: 0.5549
04-12 12:36:26 Train-Acc Source Data: 0.9531
04-12 12:36:26 Train-Acc Discriminator: 83.9844
  0%|          | 0/5 [00:00<?, ?it/s]100%|##########| 5/5 [00:00<00:00, 154.62it/s]
04-12 12:36:26 Val-Acc Target Data: 0.7219
04-12 12:36:26 The best model epoch 16, val-acc 0.7219
04-12 12:36:26 -----Epoch 17/30-----
04-12 12:36:26 current lr: [0.001, 0.001]
  0%|          | 0/2 [00:00<?, ?it/s]100%|##########| 2/2 [00:00<00:00, 40.74it/s]
04-12 12:36:27 Train-Loss Source Classifier: 0.7517
04-12 12:36:27 Train-Loss Discriminator: 0.5230
04-12 12:36:27 Train-Acc Source Data: 0.9062
04-12 12:36:27 Train-Acc Discriminator: 88.6719
  0%|          | 0/5 [00:00<?, ?it/s]100%|##########| 5/5 [00:00<00:00, 158.57it/s]
04-12 12:36:27 Val-Acc Target Data: 0.7312
04-12 12:36:27 The best model epoch 17, val-acc 0.7312
04-12 12:36:27 -----Epoch 18/30-----
04-12 12:36:27 current lr: [0.001, 0.001]
  0%|          | 0/2 [00:00<?, ?it/s]100%|##########| 2/2 [00:00<00:00, 42.38it/s]
04-12 12:36:27 Train-Loss Source Classifier: 0.6807
04-12 12:36:27 Train-Loss Discriminator: 0.5125
04-12 12:36:27 Train-Acc Source Data: 0.9453
04-12 12:36:27 Train-Acc Discriminator: 87.1094
  0%|          | 0/5 [00:00<?, ?it/s]100%|##########| 5/5 [00:00<00:00, 153.41it/s]
04-12 12:36:27 Val-Acc Target Data: 0.8375
04-12 12:36:27 The best model epoch 18, val-acc 0.8375
04-12 12:36:27 -----Epoch 19/30-----
04-12 12:36:27 current lr: [0.001, 0.001]
  0%|          | 0/2 [00:00<?, ?it/s]100%|##########| 2/2 [00:00<00:00, 41.05it/s]
04-12 12:36:27 Train-Loss Source Classifier: 0.6651
04-12 12:36:27 Train-Loss Discriminator: 0.4929
04-12 12:36:27 Train-Acc Source Data: 0.8906
04-12 12:36:27 Train-Acc Discriminator: 88.6719
  0%|          | 0/5 [00:00<?, ?it/s]100%|##########| 5/5 [00:00<00:00, 146.91it/s]
04-12 12:36:27 Val-Acc Target Data: 0.7937
04-12 12:36:27 The best model epoch 18, val-acc 0.8375
04-12 12:36:27 -----Epoch 20/30-----
04-12 12:36:27 current lr: [0.001, 0.001]
  0%|          | 0/2 [00:00<?, ?it/s]100%|##########| 2/2 [00:00<00:00, 39.60it/s]
04-12 12:36:27 Train-Loss Source Classifier: 0.6071
04-12 12:36:27 Train-Loss Discriminator: 0.4879
04-12 12:36:27 Train-Acc Source Data: 0.9297
04-12 12:36:27 Train-Acc Discriminator: 86.7188
  0%|          | 0/5 [00:00<?, ?it/s]100%|##########| 5/5 [00:00<00:00, 153.50it/s]
04-12 12:36:27 Val-Acc Target Data: 0.8156
04-12 12:36:27 The best model epoch 18, val-acc 0.8375
04-12 12:36:27 -----Epoch 21/30-----
04-12 12:36:27 current lr: [0.001, 0.001]
  0%|          | 0/2 [00:00<?, ?it/s]100%|##########| 2/2 [00:00<00:00, 40.92it/s]
04-12 12:36:27 Train-Loss Source Classifier: 0.5818
04-12 12:36:27 Train-Loss Discriminator: 0.4740
04-12 12:36:27 Train-Acc Source Data: 0.9141
04-12 12:36:27 Train-Acc Discriminator: 87.5000
  0%|          | 0/5 [00:00<?, ?it/s]100%|##########| 5/5 [00:00<00:00, 155.41it/s]
04-12 12:36:27 Val-Acc Target Data: 0.8594
04-12 12:36:27 The best model epoch 21, val-acc 0.8594
04-12 12:36:27 -----Epoch 22/30-----
04-12 12:36:27 current lr: [0.001, 0.001]
  0%|          | 0/2 [00:00<?, ?it/s]100%|##########| 2/2 [00:00<00:00, 42.45it/s]
04-12 12:36:27 Train-Loss Source Classifier: 0.4974
04-12 12:36:27 Train-Loss Discriminator: 0.4715
04-12 12:36:27 Train-Acc Source Data: 0.9531
04-12 12:36:27 Train-Acc Discriminator: 85.5469
  0%|          | 0/5 [00:00<?, ?it/s]100%|##########| 5/5 [00:00<00:00, 119.38it/s]
04-12 12:36:27 Val-Acc Target Data: 0.8906
04-12 12:36:27 The best model epoch 22, val-acc 0.8906
04-12 12:36:27 -----Epoch 23/30-----
04-12 12:36:27 current lr: [0.001, 0.001]
  0%|          | 0/2 [00:00<?, ?it/s]100%|##########| 2/2 [00:00<00:00, 40.88it/s]
04-12 12:36:27 Train-Loss Source Classifier: 0.4603
04-12 12:36:27 Train-Loss Discriminator: 0.4837
04-12 12:36:27 Train-Acc Source Data: 0.9297
04-12 12:36:27 Train-Acc Discriminator: 82.8125
  0%|          | 0/5 [00:00<?, ?it/s]100%|##########| 5/5 [00:00<00:00, 157.10it/s]
04-12 12:36:27 Val-Acc Target Data: 0.8781
04-12 12:36:27 The best model epoch 22, val-acc 0.8906
04-12 12:36:27 -----Epoch 24/30-----
04-12 12:36:27 current lr: [0.001, 0.001]
  0%|          | 0/2 [00:00<?, ?it/s]100%|##########| 2/2 [00:00<00:00, 38.85it/s]
04-12 12:36:27 Train-Loss Source Classifier: 0.4608
04-12 12:36:27 Train-Loss Discriminator: 0.4489
04-12 12:36:27 Train-Acc Source Data: 0.9531
04-12 12:36:27 Train-Acc Discriminator: 86.7188
  0%|          | 0/5 [00:00<?, ?it/s]100%|##########| 5/5 [00:00<00:00, 144.23it/s]
04-12 12:36:27 Val-Acc Target Data: 0.8531
04-12 12:36:27 The best model epoch 22, val-acc 0.8906
04-12 12:36:27 -----Epoch 25/30-----
04-12 12:36:27 current lr: [0.001, 0.001]
  0%|          | 0/2 [00:00<?, ?it/s]100%|##########| 2/2 [00:00<00:00, 41.90it/s]
04-12 12:36:27 Train-Loss Source Classifier: 0.4465
04-12 12:36:27 Train-Loss Discriminator: 0.4322
04-12 12:36:27 Train-Acc Source Data: 0.9844
04-12 12:36:27 Train-Acc Discriminator: 88.2812
  0%|          | 0/5 [00:00<?, ?it/s]100%|##########| 5/5 [00:00<00:00, 157.96it/s]
04-12 12:36:27 Val-Acc Target Data: 0.8531
04-12 12:36:27 The best model epoch 22, val-acc 0.8906
04-12 12:36:27 -----Epoch 26/30-----
04-12 12:36:27 current lr: [0.001, 0.001]
  0%|          | 0/2 [00:00<?, ?it/s]100%|##########| 2/2 [00:00<00:00, 40.62it/s]
04-12 12:36:27 Train-Loss Source Classifier: 0.4249
04-12 12:36:27 Train-Loss Discriminator: 0.4355
04-12 12:36:27 Train-Acc Source Data: 0.9688
04-12 12:36:27 Train-Acc Discriminator: 85.9375
  0%|          | 0/5 [00:00<?, ?it/s]100%|##########| 5/5 [00:00<00:00, 152.25it/s]
04-12 12:36:27 Val-Acc Target Data: 0.8781
04-12 12:36:27 The best model epoch 22, val-acc 0.8906
04-12 12:36:27 -----Epoch 27/30-----
04-12 12:36:27 current lr: [0.001, 0.001]
  0%|          | 0/2 [00:00<?, ?it/s]100%|##########| 2/2 [00:00<00:00, 38.99it/s]
04-12 12:36:27 Train-Loss Source Classifier: 0.3417
04-12 12:36:27 Train-Loss Discriminator: 0.4525
04-12 12:36:27 Train-Acc Source Data: 0.9766
04-12 12:36:27 Train-Acc Discriminator: 84.3750
  0%|          | 0/5 [00:00<?, ?it/s]100%|##########| 5/5 [00:00<00:00, 146.83it/s]
04-12 12:36:27 Val-Acc Target Data: 0.9375
04-12 12:36:27 The best model epoch 27, val-acc 0.9375
04-12 12:36:27 -----Epoch 28/30-----
04-12 12:36:27 current lr: [0.001, 0.001]
  0%|          | 0/2 [00:00<?, ?it/s]100%|##########| 2/2 [00:00<00:00, 41.14it/s]
04-12 12:36:28 Train-Loss Source Classifier: 0.3012
04-12 12:36:28 Train-Loss Discriminator: 0.4274
04-12 12:36:28 Train-Acc Source Data: 0.9688
04-12 12:36:28 Train-Acc Discriminator: 85.9375
  0%|          | 0/5 [00:00<?, ?it/s]100%|##########| 5/5 [00:00<00:00, 140.20it/s]
04-12 12:36:28 Val-Acc Target Data: 0.9375
04-12 12:36:28 The best model epoch 28, val-acc 0.9375
04-12 12:36:28 -----Epoch 29/30-----
04-12 12:36:28 current lr: [0.001, 0.001]
  0%|          | 0/2 [00:00<?, ?it/s]100%|##########| 2/2 [00:00<00:00, 40.73it/s]
04-12 12:36:28 Train-Loss Source Classifier: 0.3217
04-12 12:36:28 Train-Loss Discriminator: 0.4283
04-12 12:36:28 Train-Acc Source Data: 0.9375
04-12 12:36:28 Train-Acc Discriminator: 86.3281
  0%|          | 0/5 [00:00<?, ?it/s]100%|##########| 5/5 [00:00<00:00, 158.02it/s]
04-12 12:36:28 Val-Acc Target Data: 0.9594
04-12 12:36:28 The best model epoch 29, val-acc 0.9594
04-12 12:36:28 -----Epoch 30/30-----
04-12 12:36:28 current lr: [0.001, 0.001]
  0%|          | 0/2 [00:00<?, ?it/s]100%|##########| 2/2 [00:00<00:00, 39.35it/s]
04-12 12:36:28 Train-Loss Source Classifier: 0.2829
04-12 12:36:28 Train-Loss Discriminator: 0.4106
04-12 12:36:28 Train-Acc Source Data: 0.9688
04-12 12:36:28 Train-Acc Discriminator: 87.1094
  0%|          | 0/5 [00:00<?, ?it/s]100%|##########| 5/5 [00:00<00:00, 156.37it/s]
04-12 12:36:28 Val-Acc Target Data: 0.9500
04-12 12:36:28 The best model epoch 29, val-acc 0.9594
  0%|          | 0/2 [00:00<?, ?it/s]  0%|          | 0/2 [00:00<?, ?it/s]
Traceback (most recent call last):
  File "/home/workspace/UDA_Bearing_Fault_Diagnosis/models/DANN_correct.py", line 173, in get_next_batch_balanced
    data, target = next(iter_dict[src])
  File "/usr/local/lib/python3.6/dist-packages/torch/utils/data/dataloader.py", line 530, in __next__
    data = self._next_data()
  File "/usr/local/lib/python3.6/dist-packages/torch/utils/data/dataloader.py", line 569, in _next_data
    index = self._next_index()  # may raise StopIteration
  File "/usr/local/lib/python3.6/dist-packages/torch/utils/data/dataloader.py", line 521, in _next_index
    return next(self._sampler_iter)  # may raise StopIteration
StopIteration

During handling of the above exception, another exception occurred:

Traceback (most recent call last):
  File "train.py", line 95, in <module>
    trainer.train()
  File "/home/workspace/UDA_Bearing_Fault_Diagnosis/models/DANN_correct.py", line 205, in train
    self.iters, 'train', self.device)
  File "/home/workspace/UDA_Bearing_Fault_Diagnosis/models/DANN_correct.py", line 176, in get_next_batch_balanced
    data, target = next(iter_dict[src])
ValueError: too many values to unpack (expected 2)
