04-11 06:31:02 model_name: DANN
04-11 06:31:02 source: CWRU_2
04-11 06:31:02 target: CWRU_0
04-11 06:31:02 data_dir: ./datasets
04-11 06:31:02 train_mode: single_source
04-11 06:31:02 cuda_device: 0
04-11 06:31:02 save_dir: ./ckpt
04-11 06:31:02 max_epoch: 30
04-11 06:31:02 batch_size: 64
04-11 06:31:02 num_workers: 4
04-11 06:31:02 signal_size: 2048
04-11 06:31:02 random_state: 2024
04-11 06:31:02 normlizetype: mean-std
04-11 06:31:02 opt: sgd
04-11 06:31:02 lr: 0.01
04-11 06:31:02 momentum: 0.9
04-11 06:31:02 betas: (0.9, 0.999)
04-11 06:31:02 weight_decay: 0.0005
04-11 06:31:02 lr_scheduler: stepLR
04-11 06:31:02 gamma: 0.2
04-11 06:31:02 steps: 10
04-11 06:31:02 tradeoff: ['exp', 'exp', 'exp']
04-11 06:31:02 dropout: 0.0
04-11 06:31:02 save: False
04-11 06:31:02 load_path: 
04-11 06:31:02 save_path: ./ckpt/DANN/single_source/[CWRU_2]To[CWRU_0]_0411-063102
04-11 06:31:02 Detect 4 classes: ['ball', 'inner', 'normal', 'outer']
04-11 06:31:02 using 1 / 1 gpus
Source Data Distribution:04-11 06:31:04 Source set CWRU_2 number of samples 708.
+--------------+---------+
| Label        |   Count |
|--------------+---------|
| 0            |     177 |
| 1            |     177 |
| 2            |     177 |
| 3            |     177 |
| Dataset Size |     708 |
+--------------+---------+

Target Data Distribution:04-11 06:31:04 target training set number of samples 564.
04-11 06:31:04 target validation set number of samples 144.

+--------------+---------+-------+
|              |   train |   val |
|--------------+---------+-------|
| 0            |     141 |    36 |
| 1            |     141 |    36 |
| 2            |     141 |    36 |
| 3            |     141 |    36 |
| Dataset Size |     564 |   144 |
+--------------+---------+-------+
04-11 06:31:05 -----Epoch 1/30-----
04-11 06:31:05 current lr: [0.01, 0.01]
  0%|          | 0/8 [00:00<?, ?it/s] 25%|##5       | 2/8 [00:00<00:00, 19.05it/s] 88%|########7 | 7/8 [00:00<00:00, 31.75it/s]100%|##########| 8/8 [00:00<00:00, 30.92it/s]
04-11 06:31:05 Train-Loss Source Classifier: 1.1973
04-11 06:31:05 Train-Loss Discriminator: 0.6983
04-11 06:31:05 Train-Acc Source Data: 0.4141
04-11 06:31:05 Train-Acc Discriminator: 50.0000
  0%|          | 0/2 [00:00<?, ?it/s]100%|##########| 2/2 [00:00<00:00, 84.98it/s]
04-11 06:31:05 Val-Acc Target Data: 0.5625
04-11 06:31:06 The best model epoch 1, val-acc 0.5625
04-11 06:31:06 -----Epoch 2/30-----
04-11 06:31:06 current lr: [0.01, 0.01]
  0%|          | 0/8 [00:00<?, ?it/s] 12%|#2        | 1/8 [00:00<00:01,  3.59it/s] 50%|#####     | 4/8 [00:00<00:00,  6.99it/s]100%|##########| 8/8 [00:00<00:00, 13.84it/s]100%|##########| 8/8 [00:00<00:00, 11.13it/s]
04-11 06:31:06 Train-Loss Source Classifier: 0.5828
04-11 06:31:06 Train-Loss Discriminator: 0.6939
04-11 06:31:06 Train-Acc Source Data: 0.7324
04-11 06:31:06 Train-Acc Discriminator: 48.9258
  0%|          | 0/2 [00:00<?, ?it/s]100%|##########| 2/2 [00:00<00:00, 70.25it/s]
04-11 06:31:06 Val-Acc Target Data: 0.6250
04-11 06:31:07 The best model epoch 2, val-acc 0.6250
04-11 06:31:07 -----Epoch 3/30-----
04-11 06:31:07 current lr: [0.01, 0.01]
  0%|          | 0/8 [00:00<?, ?it/s] 12%|#2        | 1/8 [00:00<00:01,  3.58it/s] 62%|######2   | 5/8 [00:00<00:00, 15.71it/s]100%|##########| 8/8 [00:00<00:00, 11.55it/s]100%|##########| 8/8 [00:00<00:00, 11.13it/s]
04-11 06:31:07 Train-Loss Source Classifier: 0.1191
04-11 06:31:07 Train-Loss Discriminator: 0.6922
04-11 06:31:07 Train-Acc Source Data: 0.9727
04-11 06:31:07 Train-Acc Discriminator: 51.8555
  0%|          | 0/2 [00:00<?, ?it/s]100%|##########| 2/2 [00:00<00:00, 87.08it/s]
04-11 06:31:07 Val-Acc Target Data: 0.7422
04-11 06:31:07 The best model epoch 3, val-acc 0.7422
04-11 06:31:07 -----Epoch 4/30-----
04-11 06:31:07 current lr: [0.01, 0.01]
  0%|          | 0/8 [00:00<?, ?it/s] 12%|#2        | 1/8 [00:00<00:01,  3.60it/s] 75%|#######5  | 6/8 [00:00<00:00, 17.83it/s]100%|##########| 8/8 [00:00<00:00, 17.56it/s]
04-11 06:31:08 Train-Loss Source Classifier: 0.0194
04-11 06:31:08 Train-Loss Discriminator: 0.6854
04-11 06:31:08 Train-Acc Source Data: 0.9922
04-11 06:31:08 Train-Acc Discriminator: 53.5156
  0%|          | 0/2 [00:00<?, ?it/s]100%|##########| 2/2 [00:00<00:00, 88.11it/s]
04-11 06:31:08 Val-Acc Target Data: 0.9062
04-11 06:31:08 The best model epoch 4, val-acc 0.9062
04-11 06:31:08 -----Epoch 5/30-----
04-11 06:31:08 current lr: [0.01, 0.01]
  0%|          | 0/8 [00:00<?, ?it/s] 12%|#2        | 1/8 [00:00<00:02,  3.47it/s] 25%|##5       | 2/8 [00:00<00:01,  3.60it/s] 75%|#######5  | 6/8 [00:00<00:00, 11.76it/s]100%|##########| 8/8 [00:00<00:00, 11.13it/s]
04-11 06:31:09 Train-Loss Source Classifier: 0.0124
04-11 06:31:09 Train-Loss Discriminator: 0.6779
04-11 06:31:09 Train-Acc Source Data: 0.9961
04-11 06:31:09 Train-Acc Discriminator: 58.2031
  0%|          | 0/2 [00:00<?, ?it/s]100%|##########| 2/2 [00:00<00:00, 71.93it/s]
04-11 06:31:09 Val-Acc Target Data: 0.9766
04-11 06:31:09 The best model epoch 5, val-acc 0.9766
04-11 06:31:09 -----Epoch 6/30-----
04-11 06:31:09 current lr: [0.01, 0.01]
  0%|          | 0/8 [00:00<?, ?it/s] 12%|#2        | 1/8 [00:00<00:01,  3.51it/s] 62%|######2   | 5/8 [00:00<00:00,  8.33it/s]100%|##########| 8/8 [00:00<00:00, 10.98it/s]
04-11 06:31:10 Train-Loss Source Classifier: 0.0026
04-11 06:31:10 Train-Loss Discriminator: 0.6757
04-11 06:31:10 Train-Acc Source Data: 1.0000
04-11 06:31:10 Train-Acc Discriminator: 57.9102
  0%|          | 0/2 [00:00<?, ?it/s]100%|##########| 2/2 [00:00<00:00, 85.29it/s]
04-11 06:31:10 Val-Acc Target Data: 0.9141
04-11 06:31:10 The best model epoch 5, val-acc 0.9766
04-11 06:31:10 -----Epoch 7/30-----
04-11 06:31:10 current lr: [0.01, 0.01]
  0%|          | 0/8 [00:00<?, ?it/s] 12%|#2        | 1/8 [00:00<00:01,  3.72it/s] 62%|######2   | 5/8 [00:00<00:00, 15.87it/s]100%|##########| 8/8 [00:00<00:00, 11.83it/s]100%|##########| 8/8 [00:00<00:00, 11.40it/s]
04-11 06:31:11 Train-Loss Source Classifier: 0.0036
04-11 06:31:11 Train-Loss Discriminator: 0.6690
04-11 06:31:11 Train-Acc Source Data: 0.9980
04-11 06:31:11 Train-Acc Discriminator: 66.6992
  0%|          | 0/2 [00:00<?, ?it/s]100%|##########| 2/2 [00:00<00:00, 90.77it/s]
04-11 06:31:11 Val-Acc Target Data: 0.9766
04-11 06:31:11 The best model epoch 7, val-acc 0.9766
04-11 06:31:11 -----Epoch 8/30-----
04-11 06:31:11 current lr: [0.01, 0.01]
  0%|          | 0/8 [00:00<?, ?it/s] 12%|#2        | 1/8 [00:00<00:01,  3.65it/s] 62%|######2   | 5/8 [00:00<00:00, 15.79it/s]100%|##########| 8/8 [00:00<00:00, 17.63it/s]
04-11 06:31:12 Train-Loss Source Classifier: 0.0017
04-11 06:31:12 Train-Loss Discriminator: 0.6705
04-11 06:31:12 Train-Acc Source Data: 1.0000
04-11 06:31:12 Train-Acc Discriminator: 64.0625
  0%|          | 0/2 [00:00<?, ?it/s]100%|##########| 2/2 [00:00<00:00, 97.22it/s]
04-11 06:31:12 Val-Acc Target Data: 0.9844
04-11 06:31:12 The best model epoch 8, val-acc 0.9844
04-11 06:31:12 -----Epoch 9/30-----
04-11 06:31:12 current lr: [0.01, 0.01]
  0%|          | 0/8 [00:00<?, ?it/s] 12%|#2        | 1/8 [00:00<00:01,  3.68it/s] 38%|###7      | 3/8 [00:00<00:00,  5.23it/s] 88%|########7 | 7/8 [00:00<00:00, 12.73it/s]100%|##########| 8/8 [00:00<00:00, 10.98it/s]
04-11 06:31:13 Train-Loss Source Classifier: 0.0002
04-11 06:31:13 Train-Loss Discriminator: 0.6699
04-11 06:31:13 Train-Acc Source Data: 1.0000
04-11 06:31:13 Train-Acc Discriminator: 57.8125
  0%|          | 0/2 [00:00<?, ?it/s]100%|##########| 2/2 [00:00<00:00, 84.50it/s]
04-11 06:31:13 Val-Acc Target Data: 0.9922
04-11 06:31:13 The best model epoch 9, val-acc 0.9922
04-11 06:31:13 -----Epoch 10/30-----
04-11 06:31:13 current lr: [0.01, 0.01]
  0%|          | 0/8 [00:00<?, ?it/s] 12%|#2        | 1/8 [00:00<00:01,  3.66it/s] 62%|######2   | 5/8 [00:00<00:00, 16.06it/s]100%|##########| 8/8 [00:00<00:00, 12.12it/s]100%|##########| 8/8 [00:00<00:00, 11.61it/s]
04-11 06:31:14 Train-Loss Source Classifier: 0.0003
04-11 06:31:14 Train-Loss Discriminator: 0.6692
04-11 06:31:14 Train-Acc Source Data: 1.0000
04-11 06:31:14 Train-Acc Discriminator: 61.9141
  0%|          | 0/2 [00:00<?, ?it/s]100%|##########| 2/2 [00:00<00:00, 72.35it/s]
04-11 06:31:14 Val-Acc Target Data: 0.9922
04-11 06:31:14 The best model epoch 10, val-acc 0.9922
04-11 06:31:14 -----Epoch 11/30-----
04-11 06:31:14 current lr: [0.002, 0.002]
  0%|          | 0/8 [00:00<?, ?it/s] 12%|#2        | 1/8 [00:00<00:02,  3.44it/s] 62%|######2   | 5/8 [00:00<00:00, 15.35it/s]100%|##########| 8/8 [00:00<00:00, 17.06it/s]
04-11 06:31:14 Train-Loss Source Classifier: 0.0002
04-11 06:31:14 Train-Loss Discriminator: 0.6694
04-11 06:31:14 Train-Acc Source Data: 1.0000
04-11 06:31:14 Train-Acc Discriminator: 59.9609
  0%|          | 0/2 [00:00<?, ?it/s]100%|##########| 2/2 [00:00<00:00, 87.56it/s]
04-11 06:31:15 Val-Acc Target Data: 0.9922
04-11 06:31:15 The best model epoch 11, val-acc 0.9922
04-11 06:31:15 -----Epoch 12/30-----
04-11 06:31:15 current lr: [0.002, 0.002]
  0%|          | 0/8 [00:00<?, ?it/s] 12%|#2        | 1/8 [00:00<00:03,  1.88it/s] 62%|######2   | 5/8 [00:00<00:00,  9.87it/s]100%|##########| 8/8 [00:00<00:00, 11.19it/s]
04-11 06:31:15 Train-Loss Source Classifier: 0.0002
04-11 06:31:15 Train-Loss Discriminator: 0.6666
04-11 06:31:15 Train-Acc Source Data: 1.0000
04-11 06:31:15 Train-Acc Discriminator: 62.4023
  0%|          | 0/2 [00:00<?, ?it/s]100%|##########| 2/2 [00:00<00:00, 111.75it/s]
04-11 06:31:16 Val-Acc Target Data: 0.9922
04-11 06:31:16 The best model epoch 12, val-acc 0.9922
04-11 06:31:16 -----Epoch 13/30-----
04-11 06:31:16 current lr: [0.002, 0.002]
  0%|          | 0/8 [00:00<?, ?it/s] 12%|#2        | 1/8 [00:00<00:01,  3.69it/s] 50%|#####     | 4/8 [00:00<00:00,  7.09it/s]100%|##########| 8/8 [00:00<00:00, 14.14it/s]100%|##########| 8/8 [00:00<00:00, 11.36it/s]
04-11 06:31:16 Train-Loss Source Classifier: 0.0003
04-11 06:31:16 Train-Loss Discriminator: 0.6664
04-11 06:31:16 Train-Acc Source Data: 1.0000
04-11 06:31:16 Train-Acc Discriminator: 63.8672
  0%|          | 0/2 [00:00<?, ?it/s]100%|##########| 2/2 [00:00<00:00, 87.98it/s]
04-11 06:31:16 Val-Acc Target Data: 0.9922
04-11 06:31:17 The best model epoch 13, val-acc 0.9922
04-11 06:31:17 -----Epoch 14/30-----
04-11 06:31:17 current lr: [0.002, 0.002]
  0%|          | 0/8 [00:00<?, ?it/s] 12%|#2        | 1/8 [00:00<00:01,  3.70it/s] 62%|######2   | 5/8 [00:00<00:00, 15.97it/s]100%|##########| 8/8 [00:00<00:00, 11.54it/s]100%|##########| 8/8 [00:00<00:00, 11.19it/s]
04-11 06:31:17 Train-Loss Source Classifier: 0.0002
04-11 06:31:17 Train-Loss Discriminator: 0.6604
04-11 06:31:17 Train-Acc Source Data: 1.0000
04-11 06:31:17 Train-Acc Discriminator: 67.3828
  0%|          | 0/2 [00:00<?, ?it/s]100%|##########| 2/2 [00:00<00:00, 81.57it/s]
04-11 06:31:17 Val-Acc Target Data: 0.9922
04-11 06:31:18 The best model epoch 14, val-acc 0.9922
04-11 06:31:18 -----Epoch 15/30-----
04-11 06:31:18 current lr: [0.002, 0.002]
  0%|          | 0/8 [00:00<?, ?it/s] 12%|#2        | 1/8 [00:00<00:01,  3.56it/s] 25%|##5       | 2/8 [00:00<00:00,  6.37it/s]
Traceback (most recent call last):
  File "train.py", line 96, in <module>
    trainer.train()
  File "/home/workspace/UDA_Bearing_Fault_Diagnosis/models/DANN.py", line 78, in train
    self.iters, src, self.device)
  File "/home/workspace/UDA_Bearing_Fault_Diagnosis/utils.py", line 58, in get_next_batch
    inputs, labels, src_idx = next(iters[src])
  File "/usr/local/lib/python3.6/dist-packages/torch/utils/data/dataloader.py", line 530, in __next__
    data = self._next_data()
  File "/usr/local/lib/python3.6/dist-packages/torch/utils/data/dataloader.py", line 1192, in _next_data
    return self._process_data(data)
  File "/usr/local/lib/python3.6/dist-packages/torch/utils/data/dataloader.py", line 1238, in _process_data
    data.reraise()
  File "/usr/local/lib/python3.6/dist-packages/torch/_utils.py", line 438, in reraise
    raise exception
RuntimeError: Caught RuntimeError in DataLoader worker process 0.
Original Traceback (most recent call last):
  File "/home/workspace/UDA_Bearing_Fault_Diagnosis/utils.py", line 58, in get_next_batch
    inputs, labels, src_idx = next(iters[src])
  File "/usr/local/lib/python3.6/dist-packages/torch/utils/data/dataloader.py", line 530, in __next__
    data = self._next_data()
  File "/usr/local/lib/python3.6/dist-packages/torch/utils/data/dataloader.py", line 1185, in _next_data
    raise StopIteration
StopIteration

During handling of the above exception, another exception occurred:

Traceback (most recent call last):
  File "/usr/local/lib/python3.6/dist-packages/torch/utils/data/_utils/worker.py", line 287, in _worker_loop
    data = fetcher.fetch(index)
  File "/usr/local/lib/python3.6/dist-packages/torch/utils/data/_utils/fetch.py", line 52, in fetch
    return self.collate_fn(data)
  File "/usr/local/lib/python3.6/dist-packages/torch/utils/data/_utils/collate.py", line 172, in default_collate
    return [default_collate(samples) for samples in transposed]  # Backwards compatibility.
  File "/usr/local/lib/python3.6/dist-packages/torch/utils/data/_utils/collate.py", line 172, in <listcomp>
    return [default_collate(samples) for samples in transposed]  # Backwards compatibility.
  File "/usr/local/lib/python3.6/dist-packages/torch/utils/data/_utils/collate.py", line 146, in default_collate
    return default_collate([torch.as_tensor(b) for b in batch])
  File "/usr/local/lib/python3.6/dist-packages/torch/utils/data/_utils/collate.py", line 136, in default_collate
    storage = elem.storage()._new_shared(numel)
  File "/usr/local/lib/python3.6/dist-packages/torch/storage.py", line 486, in _new_shared
    untyped_storage = module.UntypedStorage._new_shared(size * cls().element_size())
  File "/usr/local/lib/python3.6/dist-packages/torch/storage.py", line 173, in _new_shared
    return cls._new_using_fd(size)
RuntimeError: unable to open shared memory object </torch_17715_1> in read-write mode: File exists (17)

